<?xml version="1.0" encoding="UTF-8"?>
<!-- Generated by org.testng.reporters.JUnitReportReporter -->
<testsuite hostname="LIN35006809" name="Test_1.Jenkins" tests="1" failures="0" timestamp="5 Mar 2022 09:55:02 GMT" time="0.016" errors="0">
  <testcase name="test" time="0.016" classname="Test_1.Jenkins"/>
</testsuite>
