<?xml version="1.0" encoding="UTF-8"?>
<!-- Generated by org.testng.reporters.JUnitReportReporter -->
<testsuite hostname="LIN35006809" failures="0" tests="1" name="Test_1.Jenkins" time="0.011" errors="0" timestamp="2022-03-05T15:00:37 IST" skipped="0">
  <testcase classname="Test_1.Jenkins" name="test" time="0.011"/>
  <system-out/>
</testsuite> <!-- Test_1.Jenkins -->
